[ pid=18891 thr=-608040738 file=utils.rb:176 time=2011-09-09 12:28:54.356 ]: *** Exception PhusionPassenger::UnknownError in PhusionPassenger::Rack::ApplicationSpawner (Could not find a JavaScript runtime. See https://github.com/sstephenson/execjs for a list of available runtimes. (ExecJS::RuntimeUnavailable)) (process 18891, thread #<Thread:0xb78411bc>):
	from /var/lib/gems/1.8/gems/execjs-1.2.4/lib/execjs/runtimes.rb:45:in `autodetect'
	from /var/lib/gems/1.8/gems/execjs-1.2.4/lib/execjs.rb:5
	from /var/lib/gems/1.8/gems/coffee-script-2.2.0/lib/coffee_script.rb:1:in `require'
	from /var/lib/gems/1.8/gems/coffee-script-2.2.0/lib/coffee_script.rb:1
	from /var/lib/gems/1.8/gems/coffee-script-2.2.0/lib/coffee-script.rb:1:in `require'
	from /var/lib/gems/1.8/gems/coffee-script-2.2.0/lib/coffee-script.rb:1
	from /var/lib/gems/1.8/gems/coffee-rails-3.1.0/lib/coffee-rails.rb:1:in `require'
	from /var/lib/gems/1.8/gems/coffee-rails-3.1.0/lib/coffee-rails.rb:1
	from /var/lib/gems/1.8/gems/bundler-1.0.18/lib/bundler/runtime.rb:68:in `require'
	from /var/lib/gems/1.8/gems/bundler-1.0.18/lib/bundler/runtime.rb:68:in `require'
	from /var/lib/gems/1.8/gems/bundler-1.0.18/lib/bundler/runtime.rb:66:in `each'
	from /var/lib/gems/1.8/gems/bundler-1.0.18/lib/bundler/runtime.rb:66:in `require'
	from /var/lib/gems/1.8/gems/bundler-1.0.18/lib/bundler/runtime.rb:55:in `each'
	from /var/lib/gems/1.8/gems/bundler-1.0.18/lib/bundler/runtime.rb:55:in `require'
	from /var/lib/gems/1.8/gems/bundler-1.0.18/lib/bundler.rb:120:in `require'
	from /home/reno/rubysites/reno_cms/config/application.rb:7
	from /home/reno/rubysites/reno_cms/config/environment.rb:2:in `require'
	from /home/reno/rubysites/reno_cms/config/environment.rb:2
	from config.ru:3:in `require'
	from config.ru:3
	from /var/lib/gems/1.8/gems/rack-1.3.2/lib/rack/builder.rb:51:in `instance_eval'
	from /var/lib/gems/1.8/gems/rack-1.3.2/lib/rack/builder.rb:51:in `initialize'
	from config.ru:1:in `new'
	from config.ru:1
[ pid=18891 thr=-608040738 file=utils.rb:176 time=2011-09-09 12:29:30.050 ]: *** Exception PhusionPassenger::UnknownError in PhusionPassenger::Rack::ApplicationSpawner (Could not find a JavaScript runtime. See https://github.com/sstephenson/execjs for a list of available runtimes. (ExecJS::RuntimeUnavailable)) (process 18891, thread #<Thread:0xb78411bc>):
	from /var/lib/gems/1.8/gems/execjs-1.2.4/lib/execjs/runtimes.rb:45:in `autodetect'
	from /var/lib/gems/1.8/gems/execjs-1.2.4/lib/execjs.rb:5
	from /var/lib/gems/1.8/gems/coffee-script-2.2.0/lib/coffee_script.rb:1:in `require'
	from /var/lib/gems/1.8/gems/coffee-script-2.2.0/lib/coffee_script.rb:1
	from /var/lib/gems/1.8/gems/coffee-script-2.2.0/lib/coffee-script.rb:1:in `require'
	from /var/lib/gems/1.8/gems/coffee-script-2.2.0/lib/coffee-script.rb:1
	from /var/lib/gems/1.8/gems/coffee-rails-3.1.0/lib/coffee-rails.rb:1:in `require'
	from /var/lib/gems/1.8/gems/coffee-rails-3.1.0/lib/coffee-rails.rb:1
	from /var/lib/gems/1.8/gems/bundler-1.0.18/lib/bundler/runtime.rb:68:in `require'
	from /var/lib/gems/1.8/gems/bundler-1.0.18/lib/bundler/runtime.rb:68:in `require'
	from /var/lib/gems/1.8/gems/bundler-1.0.18/lib/bundler/runtime.rb:66:in `each'
	from /var/lib/gems/1.8/gems/bundler-1.0.18/lib/bundler/runtime.rb:66:in `require'
	from /var/lib/gems/1.8/gems/bundler-1.0.18/lib/bundler/runtime.rb:55:in `each'
	from /var/lib/gems/1.8/gems/bundler-1.0.18/lib/bundler/runtime.rb:55:in `require'
	from /var/lib/gems/1.8/gems/bundler-1.0.18/lib/bundler.rb:120:in `require'
	from /home/reno/rubysites/reno_cms/config/application.rb:7
	from /home/reno/rubysites/reno_cms/config/environment.rb:2:in `require'
	from /home/reno/rubysites/reno_cms/config/environment.rb:2
	from config.ru:3:in `require'
	from config.ru:3
	from /var/lib/gems/1.8/gems/rack-1.3.2/lib/rack/builder.rb:51:in `instance_eval'
	from /var/lib/gems/1.8/gems/rack-1.3.2/lib/rack/builder.rb:51:in `initialize'
	from config.ru:1:in `new'
	from config.ru:1
[ pid=6883 thr=-608251688 file=utils.rb:176 time=2011-09-19 22:58:25.730 ]: *** Exception SignalException in PhusionPassenger::Rack::ApplicationSpawner (SIGTERM) (process 6883, thread #<Thread:0xb77da1b0>):
	from /home/reno/.passenger/standalone/3.0.9-x86-ruby1.8.7-linux-gcc4.5.2-1002/support/lib/phusion_passenger/abstract_server.rb:343:in `select'
	from /home/reno/.passenger/standalone/3.0.9-x86-ruby1.8.7-linux-gcc4.5.2-1002/support/lib/phusion_passenger/abstract_server.rb:343:in `server_main_loop'
	from /home/reno/.passenger/standalone/3.0.9-x86-ruby1.8.7-linux-gcc4.5.2-1002/support/lib/phusion_passenger/abstract_server.rb:206:in `start_synchronously'
	from /home/reno/.passenger/standalone/3.0.9-x86-ruby1.8.7-linux-gcc4.5.2-1002/support/lib/phusion_passenger/abstract_server.rb:180:in `start'
	from /home/reno/.passenger/standalone/3.0.9-x86-ruby1.8.7-linux-gcc4.5.2-1002/support/lib/phusion_passenger/rack/application_spawner.rb:128:in `start'
	from /home/reno/.passenger/standalone/3.0.9-x86-ruby1.8.7-linux-gcc4.5.2-1002/support/lib/phusion_passenger/spawn_manager.rb:253:in `spawn_rack_application'
	from /home/reno/.passenger/standalone/3.0.9-x86-ruby1.8.7-linux-gcc4.5.2-1002/support/lib/phusion_passenger/abstract_server_collection.rb:132:in `lookup_or_add'
	from /home/reno/.passenger/standalone/3.0.9-x86-ruby1.8.7-linux-gcc4.5.2-1002/support/lib/phusion_passenger/spawn_manager.rb:246:in `spawn_rack_application'
	from /home/reno/.passenger/standalone/3.0.9-x86-ruby1.8.7-linux-gcc4.5.2-1002/support/lib/phusion_passenger/abstract_server_collection.rb:82:in `synchronize'
	from /home/reno/.passenger/standalone/3.0.9-x86-ruby1.8.7-linux-gcc4.5.2-1002/support/lib/phusion_passenger/abstract_server_collection.rb:79:in `synchronize'
	from /home/reno/.passenger/standalone/3.0.9-x86-ruby1.8.7-linux-gcc4.5.2-1002/support/lib/phusion_passenger/spawn_manager.rb:244:in `spawn_rack_application'
	from /home/reno/.passenger/standalone/3.0.9-x86-ruby1.8.7-linux-gcc4.5.2-1002/support/lib/phusion_passenger/spawn_manager.rb:137:in `spawn_application'
	from /home/reno/.passenger/standalone/3.0.9-x86-ruby1.8.7-linux-gcc4.5.2-1002/support/lib/phusion_passenger/spawn_manager.rb:275:in `handle_spawn_application'
	from /home/reno/.passenger/standalone/3.0.9-x86-ruby1.8.7-linux-gcc4.5.2-1002/support/lib/phusion_passenger/abstract_server.rb:357:in `__send__'
	from /home/reno/.passenger/standalone/3.0.9-x86-ruby1.8.7-linux-gcc4.5.2-1002/support/lib/phusion_passenger/abstract_server.rb:357:in `server_main_loop'
	from /home/reno/.passenger/standalone/3.0.9-x86-ruby1.8.7-linux-gcc4.5.2-1002/support/lib/phusion_passenger/abstract_server.rb:206:in `start_synchronously'
	from /home/reno/.passenger/standalone/3.0.9-x86-ruby1.8.7-linux-gcc4.5.2-1002/support/helper-scripts/passenger-spawn-server:99
[ pid=16070 thr=-607766308 file=utils.rb:176 time=2011-09-22 19:59:00.419 ]: *** Exception NameError in PhusionPassenger::Rack::ApplicationSpawner (uninitialized constant Rails) (process 16070, thread #<Thread:0xb78c71b8>):
	from /home/reno/rubysites/reno_cms/config/application.rb:3
	from /home/reno/rubysites/reno_cms/config/environment.rb:2:in `require'
	from /home/reno/rubysites/reno_cms/config/environment.rb:2
	from config.ru:3:in `require'
	from config.ru:3
	from /var/lib/gems/1.8/gems/rack-1.3.2/lib/rack/builder.rb:51:in `instance_eval'
	from /var/lib/gems/1.8/gems/rack-1.3.2/lib/rack/builder.rb:51:in `initialize'
	from config.ru:1:in `new'
	from config.ru:1
[ pid=16173 thr=-608075558 file=utils.rb:176 time=2011-09-22 19:59:38.325 ]: *** Exception NameError in PhusionPassenger::Rack::ApplicationSpawner (uninitialized constant Rails) (process 16173, thread #<Thread:0xb78301b4>):
	from /home/reno/rubysites/reno_cms/config/application.rb:3
	from /home/reno/rubysites/reno_cms/config/environment.rb:2:in `require'
	from /home/reno/rubysites/reno_cms/config/environment.rb:2
	from config.ru:3:in `require'
	from config.ru:3
	from /var/lib/gems/1.8/gems/rack-1.3.2/lib/rack/builder.rb:51:in `instance_eval'
	from /var/lib/gems/1.8/gems/rack-1.3.2/lib/rack/builder.rb:51:in `initialize'
	from config.ru:1:in `new'
	from config.ru:1
[ pid=16171 thr=3068308336 file=ext/nginx/HelperAgent.cpp:931 time=2011-09-22 19:59:38.436 ]: Uncaught exception in PassengerServer client thread:
   exception: write() failed: Broken pipe (32)
   backtrace:
     in 'void Client::handleRequest(Passenger::FileDescriptor&)' (HelperAgent.cpp:826)
     in 'void Client::threadMain()' (HelperAgent.cpp:950)

[ pid=2508 thr=-608739108 file=utils.rb:176 time=2011-09-22 20:19:14.783 ]: *** Exception PhusionPassenger::UnknownError in PhusionPassenger::Rack::ApplicationSpawner (Could not find gem 'rails (= 3.1.0.rc5, runtime)' in any of the gem sources listed in your Gemfile. (Bundler::GemNotFound)) (process 2508, thread #<Thread:0xb76ec1b8>):
	from /var/lib/gems/1.8/gems/bundler-1.0.18/lib/bundler/resolver.rb:280:in `resolve'
	from /var/lib/gems/1.8/gems/bundler-1.0.18/lib/bundler/resolver.rb:160:in `start'
	from /var/lib/gems/1.8/gems/bundler-1.0.18/lib/bundler/resolver.rb:128:in `resolve'
	from /var/lib/gems/1.8/gems/bundler-1.0.18/lib/bundler/resolver.rb:127:in `catch'
	from /var/lib/gems/1.8/gems/bundler-1.0.18/lib/bundler/resolver.rb:127:in `resolve'
	from /var/lib/gems/1.8/gems/bundler-1.0.18/lib/bundler/definition.rb:151:in `resolve'
	from /var/lib/gems/1.8/gems/bundler-1.0.18/lib/bundler/definition.rb:90:in `specs'
	from /var/lib/gems/1.8/gems/bundler-1.0.18/lib/bundler/definition.rb:135:in `specs_for'
	from /var/lib/gems/1.8/gems/bundler-1.0.18/lib/bundler/definition.rb:124:in `requested_specs'
	from /var/lib/gems/1.8/gems/bundler-1.0.18/lib/bundler/environment.rb:23:in `requested_specs'
	from /var/lib/gems/1.8/gems/bundler-1.0.18/lib/bundler/runtime.rb:11:in `setup'
	from /var/lib/gems/1.8/gems/bundler-1.0.18/lib/bundler.rb:107:in `setup'
	from /home/reno/.passenger/standalone/3.0.9-x86-ruby1.8.7-linux-gcc4.5.2-1002/support/lib/phusion_passenger/utils.rb:326:in `prepare_app_process'
	from /home/reno/.passenger/standalone/3.0.9-x86-ruby1.8.7-linux-gcc4.5.2-1002/support/lib/phusion_passenger/rack/application_spawner.rb:155:in `initialize_server'
	from /home/reno/.passenger/standalone/3.0.9-x86-ruby1.8.7-linux-gcc4.5.2-1002/support/lib/phusion_passenger/utils.rb:572:in `report_app_init_status'
	from /home/reno/.passenger/standalone/3.0.9-x86-ruby1.8.7-linux-gcc4.5.2-1002/support/lib/phusion_passenger/rack/application_spawner.rb:153:in `initialize_server'
	from /home/reno/.passenger/standalone/3.0.9-x86-ruby1.8.7-linux-gcc4.5.2-1002/support/lib/phusion_passenger/abstract_server.rb:204:in `start_synchronously'
	from /home/reno/.passenger/standalone/3.0.9-x86-ruby1.8.7-linux-gcc4.5.2-1002/support/lib/phusion_passenger/abstract_server.rb:180:in `start'
	from /home/reno/.passenger/standalone/3.0.9-x86-ruby1.8.7-linux-gcc4.5.2-1002/support/lib/phusion_passenger/rack/application_spawner.rb:128:in `start'
	from /home/reno/.passenger/standalone/3.0.9-x86-ruby1.8.7-linux-gcc4.5.2-1002/support/lib/phusion_passenger/spawn_manager.rb:253:in `spawn_rack_application'
	from /home/reno/.passenger/standalone/3.0.9-x86-ruby1.8.7-linux-gcc4.5.2-1002/support/lib/phusion_passenger/abstract_server_collection.rb:132:in `lookup_or_add'
	from /home/reno/.passenger/standalone/3.0.9-x86-ruby1.8.7-linux-gcc4.5.2-1002/support/lib/phusion_passenger/spawn_manager.rb:246:in `spawn_rack_application'
	from /home/reno/.passenger/standalone/3.0.9-x86-ruby1.8.7-linux-gcc4.5.2-1002/support/lib/phusion_passenger/abstract_server_collection.rb:82:in `synchronize'
	from /home/reno/.passenger/standalone/3.0.9-x86-ruby1.8.7-linux-gcc4.5.2-1002/support/lib/phusion_passenger/abstract_server_collection.rb:79:in `synchronize'
	from /home/reno/.passenger/standalone/3.0.9-x86-ruby1.8.7-linux-gcc4.5.2-1002/support/lib/phusion_passenger/spawn_manager.rb:244:in `spawn_rack_application'
	from /home/reno/.passenger/standalone/3.0.9-x86-ruby1.8.7-linux-gcc4.5.2-1002/support/lib/phusion_passenger/spawn_manager.rb:137:in `spawn_application'
	from /home/reno/.passenger/standalone/3.0.9-x86-ruby1.8.7-linux-gcc4.5.2-1002/support/lib/phusion_passenger/spawn_manager.rb:275:in `handle_spawn_application'
	from /home/reno/.passenger/standalone/3.0.9-x86-ruby1.8.7-linux-gcc4.5.2-1002/support/lib/phusion_passenger/abstract_server.rb:357:in `__send__'
	from /home/reno/.passenger/standalone/3.0.9-x86-ruby1.8.7-linux-gcc4.5.2-1002/support/lib/phusion_passenger/abstract_server.rb:357:in `server_main_loop'
	from /home/reno/.passenger/standalone/3.0.9-x86-ruby1.8.7-linux-gcc4.5.2-1002/support/lib/phusion_passenger/abstract_server.rb:206:in `start_synchronously'
	from /home/reno/.passenger/standalone/3.0.9-x86-ruby1.8.7-linux-gcc4.5.2-1002/support/helper-scripts/passenger-spawn-server:99
[ pid=2508 thr=-608739108 file=utils.rb:176 time=2011-09-22 20:19:27.166 ]: *** Exception PhusionPassenger::UnknownError in PhusionPassenger::Rack::ApplicationSpawner (Could not find gem 'rails (= 3.1.0.rc5, runtime)' in any of the gem sources listed in your Gemfile. (Bundler::GemNotFound)) (process 2508, thread #<Thread:0xb76ec1b8>):
	from /var/lib/gems/1.8/gems/bundler-1.0.18/lib/bundler/resolver.rb:280:in `resolve'
	from /var/lib/gems/1.8/gems/bundler-1.0.18/lib/bundler/resolver.rb:160:in `start'
	from /var/lib/gems/1.8/gems/bundler-1.0.18/lib/bundler/resolver.rb:128:in `resolve'
	from /var/lib/gems/1.8/gems/bundler-1.0.18/lib/bundler/resolver.rb:127:in `catch'
	from /var/lib/gems/1.8/gems/bundler-1.0.18/lib/bundler/resolver.rb:127:in `resolve'
	from /var/lib/gems/1.8/gems/bundler-1.0.18/lib/bundler/definition.rb:151:in `resolve'
	from /var/lib/gems/1.8/gems/bundler-1.0.18/lib/bundler/definition.rb:90:in `specs'
	from /var/lib/gems/1.8/gems/bundler-1.0.18/lib/bundler/definition.rb:135:in `specs_for'
	from /var/lib/gems/1.8/gems/bundler-1.0.18/lib/bundler/definition.rb:124:in `requested_specs'
	from /var/lib/gems/1.8/gems/bundler-1.0.18/lib/bundler/environment.rb:23:in `requested_specs'
	from /var/lib/gems/1.8/gems/bundler-1.0.18/lib/bundler/runtime.rb:11:in `setup'
	from /var/lib/gems/1.8/gems/bundler-1.0.18/lib/bundler.rb:107:in `setup'
	from /home/reno/.passenger/standalone/3.0.9-x86-ruby1.8.7-linux-gcc4.5.2-1002/support/lib/phusion_passenger/utils.rb:326:in `prepare_app_process'
	from /home/reno/.passenger/standalone/3.0.9-x86-ruby1.8.7-linux-gcc4.5.2-1002/support/lib/phusion_passenger/rack/application_spawner.rb:155:in `initialize_server'
	from /home/reno/.passenger/standalone/3.0.9-x86-ruby1.8.7-linux-gcc4.5.2-1002/support/lib/phusion_passenger/utils.rb:572:in `report_app_init_status'
	from /home/reno/.passenger/standalone/3.0.9-x86-ruby1.8.7-linux-gcc4.5.2-1002/support/lib/phusion_passenger/rack/application_spawner.rb:153:in `initialize_server'
	from /home/reno/.passenger/standalone/3.0.9-x86-ruby1.8.7-linux-gcc4.5.2-1002/support/lib/phusion_passenger/abstract_server.rb:204:in `start_synchronously'
	from /home/reno/.passenger/standalone/3.0.9-x86-ruby1.8.7-linux-gcc4.5.2-1002/support/lib/phusion_passenger/abstract_server.rb:180:in `start'
	from /home/reno/.passenger/standalone/3.0.9-x86-ruby1.8.7-linux-gcc4.5.2-1002/support/lib/phusion_passenger/rack/application_spawner.rb:128:in `start'
	from /home/reno/.passenger/standalone/3.0.9-x86-ruby1.8.7-linux-gcc4.5.2-1002/support/lib/phusion_passenger/spawn_manager.rb:253:in `spawn_rack_application'
	from /home/reno/.passenger/standalone/3.0.9-x86-ruby1.8.7-linux-gcc4.5.2-1002/support/lib/phusion_passenger/abstract_server_collection.rb:132:in `lookup_or_add'
	from /home/reno/.passenger/standalone/3.0.9-x86-ruby1.8.7-linux-gcc4.5.2-1002/support/lib/phusion_passenger/spawn_manager.rb:246:in `spawn_rack_application'
	from /home/reno/.passenger/standalone/3.0.9-x86-ruby1.8.7-linux-gcc4.5.2-1002/support/lib/phusion_passenger/abstract_server_collection.rb:82:in `synchronize'
	from /home/reno/.passenger/standalone/3.0.9-x86-ruby1.8.7-linux-gcc4.5.2-1002/support/lib/phusion_passenger/abstract_server_collection.rb:79:in `synchronize'
	from /home/reno/.passenger/standalone/3.0.9-x86-ruby1.8.7-linux-gcc4.5.2-1002/support/lib/phusion_passenger/spawn_manager.rb:244:in `spawn_rack_application'
	from /home/reno/.passenger/standalone/3.0.9-x86-ruby1.8.7-linux-gcc4.5.2-1002/support/lib/phusion_passenger/spawn_manager.rb:137:in `spawn_application'
	from /home/reno/.passenger/standalone/3.0.9-x86-ruby1.8.7-linux-gcc4.5.2-1002/support/lib/phusion_passenger/spawn_manager.rb:275:in `handle_spawn_application'
	from /home/reno/.passenger/standalone/3.0.9-x86-ruby1.8.7-linux-gcc4.5.2-1002/support/lib/phusion_passenger/abstract_server.rb:357:in `__send__'
	from /home/reno/.passenger/standalone/3.0.9-x86-ruby1.8.7-linux-gcc4.5.2-1002/support/lib/phusion_passenger/abstract_server.rb:357:in `server_main_loop'
	from /home/reno/.passenger/standalone/3.0.9-x86-ruby1.8.7-linux-gcc4.5.2-1002/support/lib/phusion_passenger/abstract_server.rb:206:in `start_synchronously'
	from /home/reno/.passenger/standalone/3.0.9-x86-ruby1.8.7-linux-gcc4.5.2-1002/support/helper-scripts/passenger-spawn-server:99
[ pid=2672 thr=-608519978 file=utils.rb:176 time=2011-09-22 20:19:55.080 ]: *** Exception PhusionPassenger::UnknownError in PhusionPassenger::Rack::ApplicationSpawner (Could not find gem 'rails (= 3.1.0.rc5, runtime)' in any of the gem sources listed in your Gemfile. (Bundler::GemNotFound)) (process 2672, thread #<Thread:0xb77571ac>):
	from /var/lib/gems/1.8/gems/bundler-1.0.18/lib/bundler/resolver.rb:280:in `resolve'
	from /var/lib/gems/1.8/gems/bundler-1.0.18/lib/bundler/resolver.rb:160:in `start'
	from /var/lib/gems/1.8/gems/bundler-1.0.18/lib/bundler/resolver.rb:128:in `resolve'
	from /var/lib/gems/1.8/gems/bundler-1.0.18/lib/bundler/resolver.rb:127:in `catch'
	from /var/lib/gems/1.8/gems/bundler-1.0.18/lib/bundler/resolver.rb:127:in `resolve'
	from /var/lib/gems/1.8/gems/bundler-1.0.18/lib/bundler/definition.rb:151:in `resolve'
	from /var/lib/gems/1.8/gems/bundler-1.0.18/lib/bundler/definition.rb:90:in `specs'
	from /var/lib/gems/1.8/gems/bundler-1.0.18/lib/bundler/definition.rb:135:in `specs_for'
	from /var/lib/gems/1.8/gems/bundler-1.0.18/lib/bundler/definition.rb:124:in `requested_specs'
	from /var/lib/gems/1.8/gems/bundler-1.0.18/lib/bundler/environment.rb:23:in `requested_specs'
	from /var/lib/gems/1.8/gems/bundler-1.0.18/lib/bundler/runtime.rb:11:in `setup'
	from /var/lib/gems/1.8/gems/bundler-1.0.18/lib/bundler.rb:107:in `setup'
	from /home/reno/.passenger/standalone/3.0.9-x86-ruby1.8.7-linux-gcc4.5.2-1002/support/lib/phusion_passenger/utils.rb:326:in `prepare_app_process'
	from /home/reno/.passenger/standalone/3.0.9-x86-ruby1.8.7-linux-gcc4.5.2-1002/support/lib/phusion_passenger/rack/application_spawner.rb:155:in `initialize_server'
	from /home/reno/.passenger/standalone/3.0.9-x86-ruby1.8.7-linux-gcc4.5.2-1002/support/lib/phusion_passenger/utils.rb:572:in `report_app_init_status'
	from /home/reno/.passenger/standalone/3.0.9-x86-ruby1.8.7-linux-gcc4.5.2-1002/support/lib/phusion_passenger/rack/application_spawner.rb:153:in `initialize_server'
	from /home/reno/.passenger/standalone/3.0.9-x86-ruby1.8.7-linux-gcc4.5.2-1002/support/lib/phusion_passenger/abstract_server.rb:204:in `start_synchronously'
	from /home/reno/.passenger/standalone/3.0.9-x86-ruby1.8.7-linux-gcc4.5.2-1002/support/lib/phusion_passenger/abstract_server.rb:180:in `start'
	from /home/reno/.passenger/standalone/3.0.9-x86-ruby1.8.7-linux-gcc4.5.2-1002/support/lib/phusion_passenger/rack/application_spawner.rb:128:in `start'
	from /home/reno/.passenger/standalone/3.0.9-x86-ruby1.8.7-linux-gcc4.5.2-1002/support/lib/phusion_passenger/spawn_manager.rb:253:in `spawn_rack_application'
	from /home/reno/.passenger/standalone/3.0.9-x86-ruby1.8.7-linux-gcc4.5.2-1002/support/lib/phusion_passenger/abstract_server_collection.rb:132:in `lookup_or_add'
	from /home/reno/.passenger/standalone/3.0.9-x86-ruby1.8.7-linux-gcc4.5.2-1002/support/lib/phusion_passenger/spawn_manager.rb:246:in `spawn_rack_application'
	from /home/reno/.passenger/standalone/3.0.9-x86-ruby1.8.7-linux-gcc4.5.2-1002/support/lib/phusion_passenger/abstract_server_collection.rb:82:in `synchronize'
	from /home/reno/.passenger/standalone/3.0.9-x86-ruby1.8.7-linux-gcc4.5.2-1002/support/lib/phusion_passenger/abstract_server_collection.rb:79:in `synchronize'
	from /home/reno/.passenger/standalone/3.0.9-x86-ruby1.8.7-linux-gcc4.5.2-1002/support/lib/phusion_passenger/spawn_manager.rb:244:in `spawn_rack_application'
	from /home/reno/.passenger/standalone/3.0.9-x86-ruby1.8.7-linux-gcc4.5.2-1002/support/lib/phusion_passenger/spawn_manager.rb:137:in `spawn_application'
	from /home/reno/.passenger/standalone/3.0.9-x86-ruby1.8.7-linux-gcc4.5.2-1002/support/lib/phusion_passenger/spawn_manager.rb:275:in `handle_spawn_application'
	from /home/reno/.passenger/standalone/3.0.9-x86-ruby1.8.7-linux-gcc4.5.2-1002/support/lib/phusion_passenger/abstract_server.rb:357:in `__send__'
	from /home/reno/.passenger/standalone/3.0.9-x86-ruby1.8.7-linux-gcc4.5.2-1002/support/lib/phusion_passenger/abstract_server.rb:357:in `server_main_loop'
	from /home/reno/.passenger/standalone/3.0.9-x86-ruby1.8.7-linux-gcc4.5.2-1002/support/lib/phusion_passenger/abstract_server.rb:206:in `start_synchronously'
	from /home/reno/.passenger/standalone/3.0.9-x86-ruby1.8.7-linux-gcc4.5.2-1002/support/helper-scripts/passenger-spawn-server:99
[ pid=2672 thr=-608519978 file=utils.rb:176 time=2011-09-22 20:23:14.296 ]: *** Exception NameError in PhusionPassenger::Rack::ApplicationSpawner (uninitialized constant Rails) (process 2672, thread #<Thread:0xb77571ac>):
	from /home/reno/rubysites/reno_cms/config/application.rb:3
	from /home/reno/rubysites/reno_cms/config/environment.rb:2:in `require'
	from /home/reno/rubysites/reno_cms/config/environment.rb:2
	from config.ru:3:in `require'
	from config.ru:3
	from /var/lib/gems/1.8/gems/rack-1.3.2/lib/rack/builder.rb:51:in `instance_eval'
	from /var/lib/gems/1.8/gems/rack-1.3.2/lib/rack/builder.rb:51:in `initialize'
	from config.ru:1:in `new'
	from config.ru:1
[ pid=2911 thr=-608532258 file=utils.rb:176 time=2011-09-22 20:24:44.960 ]: *** Exception NameError in PhusionPassenger::Rack::ApplicationSpawner (uninitialized constant Rails) (process 2911, thread #<Thread:0xb77511bc>):
	from /home/reno/rubysites/reno_cms/config/application.rb:3
	from /home/reno/rubysites/reno_cms/config/environment.rb:2:in `require'
	from /home/reno/rubysites/reno_cms/config/environment.rb:2
	from config.ru:3:in `require'
	from config.ru:3
	from /var/lib/gems/1.8/gems/rack-1.3.2/lib/rack/builder.rb:51:in `instance_eval'
	from /var/lib/gems/1.8/gems/rack-1.3.2/lib/rack/builder.rb:51:in `initialize'
	from config.ru:1:in `new'
	from config.ru:1
[ pid=2911 thr=-608532258 file=utils.rb:176 time=2011-09-22 20:24:51.160 ]: *** Exception NameError in PhusionPassenger::Rack::ApplicationSpawner (uninitialized constant Rails) (process 2911, thread #<Thread:0xb77511bc>):
	from /home/reno/rubysites/reno_cms/config/application.rb:3
	from /home/reno/rubysites/reno_cms/config/environment.rb:2:in `require'
	from /home/reno/rubysites/reno_cms/config/environment.rb:2
	from config.ru:3:in `require'
	from config.ru:3
	from /var/lib/gems/1.8/gems/rack-1.3.2/lib/rack/builder.rb:51:in `instance_eval'
	from /var/lib/gems/1.8/gems/rack-1.3.2/lib/rack/builder.rb:51:in `initialize'
	from config.ru:1:in `new'
	from config.ru:1
[ pid=2023 thr=-608235298 file=utils.rb:176 time=2011-09-22 20:44:11.709 ]: *** Exception NameError in PhusionPassenger::Rack::ApplicationSpawner (uninitialized constant Rails) (process 2023, thread #<Thread:0xb77e21bc>):
	from /home/reno/rubysites/reno_cms/config/application.rb:3
	from /home/reno/rubysites/reno_cms/config/environment.rb:2:in `require'
	from /home/reno/rubysites/reno_cms/config/environment.rb:2
	from config.ru:3:in `require'
	from config.ru:3
	from /var/lib/gems/1.8/gems/rack-1.3.2/lib/rack/builder.rb:51:in `instance_eval'
	from /var/lib/gems/1.8/gems/rack-1.3.2/lib/rack/builder.rb:51:in `initialize'
	from config.ru:1:in `new'
	from config.ru:1
[ pid=20643 thr=-608268068 file=utils.rb:176 time=2011-09-23 07:19:06.986 ]: *** Exception SignalException in PhusionPassenger::Rack::ApplicationSpawner (SIGTERM) (process 20643, thread #<Thread:0xb77d21b8>):
	from /home/reno/.passenger/standalone/3.0.9-x86-ruby1.8.7-linux-gcc4.5.2-1002/support/lib/phusion_passenger/abstract_server.rb:343:in `select'
	from /home/reno/.passenger/standalone/3.0.9-x86-ruby1.8.7-linux-gcc4.5.2-1002/support/lib/phusion_passenger/abstract_server.rb:343:in `server_main_loop'
	from /home/reno/.passenger/standalone/3.0.9-x86-ruby1.8.7-linux-gcc4.5.2-1002/support/lib/phusion_passenger/abstract_server.rb:206:in `start_synchronously'
	from /home/reno/.passenger/standalone/3.0.9-x86-ruby1.8.7-linux-gcc4.5.2-1002/support/lib/phusion_passenger/abstract_server.rb:180:in `start'
	from /home/reno/.passenger/standalone/3.0.9-x86-ruby1.8.7-linux-gcc4.5.2-1002/support/lib/phusion_passenger/rack/application_spawner.rb:128:in `start'
	from /home/reno/.passenger/standalone/3.0.9-x86-ruby1.8.7-linux-gcc4.5.2-1002/support/lib/phusion_passenger/spawn_manager.rb:253:in `spawn_rack_application'
	from /home/reno/.passenger/standalone/3.0.9-x86-ruby1.8.7-linux-gcc4.5.2-1002/support/lib/phusion_passenger/abstract_server_collection.rb:132:in `lookup_or_add'
	from /home/reno/.passenger/standalone/3.0.9-x86-ruby1.8.7-linux-gcc4.5.2-1002/support/lib/phusion_passenger/spawn_manager.rb:246:in `spawn_rack_application'
	from /home/reno/.passenger/standalone/3.0.9-x86-ruby1.8.7-linux-gcc4.5.2-1002/support/lib/phusion_passenger/abstract_server_collection.rb:82:in `synchronize'
	from /home/reno/.passenger/standalone/3.0.9-x86-ruby1.8.7-linux-gcc4.5.2-1002/support/lib/phusion_passenger/abstract_server_collection.rb:79:in `synchronize'
	from /home/reno/.passenger/standalone/3.0.9-x86-ruby1.8.7-linux-gcc4.5.2-1002/support/lib/phusion_passenger/spawn_manager.rb:244:in `spawn_rack_application'
	from /home/reno/.passenger/standalone/3.0.9-x86-ruby1.8.7-linux-gcc4.5.2-1002/support/lib/phusion_passenger/spawn_manager.rb:137:in `spawn_application'
	from /home/reno/.passenger/standalone/3.0.9-x86-ruby1.8.7-linux-gcc4.5.2-1002/support/lib/phusion_passenger/spawn_manager.rb:275:in `handle_spawn_application'
	from /home/reno/.passenger/standalone/3.0.9-x86-ruby1.8.7-linux-gcc4.5.2-1002/support/lib/phusion_passenger/abstract_server.rb:357:in `__send__'
	from /home/reno/.passenger/standalone/3.0.9-x86-ruby1.8.7-linux-gcc4.5.2-1002/support/lib/phusion_passenger/abstract_server.rb:357:in `server_main_loop'
	from /home/reno/.passenger/standalone/3.0.9-x86-ruby1.8.7-linux-gcc4.5.2-1002/support/lib/phusion_passenger/abstract_server.rb:206:in `start_synchronously'
	from /home/reno/.passenger/standalone/3.0.9-x86-ruby1.8.7-linux-gcc4.5.2-1002/support/helper-scripts/passenger-spawn-server:99
[ pid=2025 thr=-608735018 file=utils.rb:176 time=2011-09-23 12:29:17.838 ]: *** Exception LoadError in PhusionPassenger::Rack::ApplicationSpawner (no such file to load -- spec) (process 2025, thread #<Thread:0xb76ee1ac>):
	from /var/lib/gems/1.8/gems/bundler-1.0.18/lib/bundler/runtime.rb:68:in `require'
	from /var/lib/gems/1.8/gems/bundler-1.0.18/lib/bundler/runtime.rb:68:in `require'
	from /var/lib/gems/1.8/gems/bundler-1.0.18/lib/bundler/runtime.rb:66:in `each'
	from /var/lib/gems/1.8/gems/bundler-1.0.18/lib/bundler/runtime.rb:66:in `require'
	from /var/lib/gems/1.8/gems/bundler-1.0.18/lib/bundler/runtime.rb:55:in `each'
	from /var/lib/gems/1.8/gems/bundler-1.0.18/lib/bundler/runtime.rb:55:in `require'
	from /var/lib/gems/1.8/gems/bundler-1.0.18/lib/bundler.rb:120:in `require'
	from /home/reno/rubysites/reno_cms/config/application.rb:8
	from /home/reno/rubysites/reno_cms/config/environment.rb:2:in `require'
	from /home/reno/rubysites/reno_cms/config/environment.rb:2
	from config.ru:3:in `require'
	from config.ru:3
	from /var/lib/gems/1.8/gems/rack-1.3.2/lib/rack/builder.rb:51:in `instance_eval'
	from /var/lib/gems/1.8/gems/rack-1.3.2/lib/rack/builder.rb:51:in `initialize'
	from config.ru:1:in `new'
	from config.ru:1
[ pid=2025 thr=-608735018 file=utils.rb:176 time=2011-09-23 12:29:23.369 ]: *** Exception LoadError in PhusionPassenger::Rack::ApplicationSpawner (no such file to load -- spec) (process 2025, thread #<Thread:0xb76ee1ac>):
	from /var/lib/gems/1.8/gems/bundler-1.0.18/lib/bundler/runtime.rb:68:in `require'
	from /var/lib/gems/1.8/gems/bundler-1.0.18/lib/bundler/runtime.rb:68:in `require'
	from /var/lib/gems/1.8/gems/bundler-1.0.18/lib/bundler/runtime.rb:66:in `each'
	from /var/lib/gems/1.8/gems/bundler-1.0.18/lib/bundler/runtime.rb:66:in `require'
	from /var/lib/gems/1.8/gems/bundler-1.0.18/lib/bundler/runtime.rb:55:in `each'
	from /var/lib/gems/1.8/gems/bundler-1.0.18/lib/bundler/runtime.rb:55:in `require'
	from /var/lib/gems/1.8/gems/bundler-1.0.18/lib/bundler.rb:120:in `require'
	from /home/reno/rubysites/reno_cms/config/application.rb:8
	from /home/reno/rubysites/reno_cms/config/environment.rb:2:in `require'
	from /home/reno/rubysites/reno_cms/config/environment.rb:2
	from config.ru:3:in `require'
	from config.ru:3
	from /var/lib/gems/1.8/gems/rack-1.3.2/lib/rack/builder.rb:51:in `instance_eval'
	from /var/lib/gems/1.8/gems/rack-1.3.2/lib/rack/builder.rb:51:in `initialize'
	from config.ru:1:in `new'
	from config.ru:1
[ pid=2025 thr=-608735018 file=utils.rb:176 time=2011-09-23 12:29:40.117 ]: *** Exception LoadError in PhusionPassenger::Rack::ApplicationSpawner (no such file to load -- spec) (process 2025, thread #<Thread:0xb76ee1ac>):
	from /var/lib/gems/1.8/gems/bundler-1.0.18/lib/bundler/runtime.rb:68:in `require'
	from /var/lib/gems/1.8/gems/bundler-1.0.18/lib/bundler/runtime.rb:68:in `require'
	from /var/lib/gems/1.8/gems/bundler-1.0.18/lib/bundler/runtime.rb:66:in `each'
	from /var/lib/gems/1.8/gems/bundler-1.0.18/lib/bundler/runtime.rb:66:in `require'
	from /var/lib/gems/1.8/gems/bundler-1.0.18/lib/bundler/runtime.rb:55:in `each'
	from /var/lib/gems/1.8/gems/bundler-1.0.18/lib/bundler/runtime.rb:55:in `require'
	from /var/lib/gems/1.8/gems/bundler-1.0.18/lib/bundler.rb:120:in `require'
	from /home/reno/rubysites/reno_cms/config/application.rb:8
	from /home/reno/rubysites/reno_cms/config/environment.rb:2:in `require'
	from /home/reno/rubysites/reno_cms/config/environment.rb:2
	from config.ru:3:in `require'
	from config.ru:3
	from /var/lib/gems/1.8/gems/rack-1.3.2/lib/rack/builder.rb:51:in `instance_eval'
	from /var/lib/gems/1.8/gems/rack-1.3.2/lib/rack/builder.rb:51:in `initialize'
	from config.ru:1:in `new'
	from config.ru:1
[ pid=14260 thr=-608300838 file=utils.rb:176 time=2011-09-23 12:31:18.304 ]: *** Exception LoadError in PhusionPassenger::Rack::ApplicationSpawner (no such file to load -- spec) (process 14260, thread #<Thread:0xb77c21b4>):
	from /var/lib/gems/1.8/gems/bundler-1.0.18/lib/bundler/runtime.rb:68:in `require'
	from /var/lib/gems/1.8/gems/bundler-1.0.18/lib/bundler/runtime.rb:68:in `require'
	from /var/lib/gems/1.8/gems/bundler-1.0.18/lib/bundler/runtime.rb:66:in `each'
	from /var/lib/gems/1.8/gems/bundler-1.0.18/lib/bundler/runtime.rb:66:in `require'
	from /var/lib/gems/1.8/gems/bundler-1.0.18/lib/bundler/runtime.rb:55:in `each'
	from /var/lib/gems/1.8/gems/bundler-1.0.18/lib/bundler/runtime.rb:55:in `require'
	from /var/lib/gems/1.8/gems/bundler-1.0.18/lib/bundler.rb:120:in `require'
	from /home/reno/rubysites/reno_cms/config/application.rb:8
	from /home/reno/rubysites/reno_cms/config/environment.rb:2:in `require'
	from /home/reno/rubysites/reno_cms/config/environment.rb:2
	from config.ru:3:in `require'
	from config.ru:3
	from /var/lib/gems/1.8/gems/rack-1.3.2/lib/rack/builder.rb:51:in `instance_eval'
	from /var/lib/gems/1.8/gems/rack-1.3.2/lib/rack/builder.rb:51:in `initialize'
	from config.ru:1:in `new'
	from config.ru:1
[ pid=14327 thr=-607969058 file=utils.rb:176 time=2011-09-23 12:31:57.797 ]: *** Exception LoadError in PhusionPassenger::Rack::ApplicationSpawner (no such file to load -- spec) (process 14327, thread #<Thread:0xb78641bc>):
	from /var/lib/gems/1.8/gems/bundler-1.0.18/lib/bundler/runtime.rb:68:in `require'
	from /var/lib/gems/1.8/gems/bundler-1.0.18/lib/bundler/runtime.rb:68:in `require'
	from /var/lib/gems/1.8/gems/bundler-1.0.18/lib/bundler/runtime.rb:66:in `each'
	from /var/lib/gems/1.8/gems/bundler-1.0.18/lib/bundler/runtime.rb:66:in `require'
	from /var/lib/gems/1.8/gems/bundler-1.0.18/lib/bundler/runtime.rb:55:in `each'
	from /var/lib/gems/1.8/gems/bundler-1.0.18/lib/bundler/runtime.rb:55:in `require'
	from /var/lib/gems/1.8/gems/bundler-1.0.18/lib/bundler.rb:120:in `require'
	from /home/reno/rubysites/reno_cms/config/application.rb:8
	from /home/reno/rubysites/reno_cms/config/environment.rb:2:in `require'
	from /home/reno/rubysites/reno_cms/config/environment.rb:2
	from config.ru:3:in `require'
	from config.ru:3
	from /var/lib/gems/1.8/gems/rack-1.3.2/lib/rack/builder.rb:51:in `instance_eval'
	from /var/lib/gems/1.8/gems/rack-1.3.2/lib/rack/builder.rb:51:in `initialize'
	from config.ru:1:in `new'
	from config.ru:1
[ pid=14327 thr=-607969058 file=utils.rb:176 time=2011-09-23 12:32:01.289 ]: *** Exception LoadError in PhusionPassenger::Rack::ApplicationSpawner (no such file to load -- spec) (process 14327, thread #<Thread:0xb78641bc>):
	from /var/lib/gems/1.8/gems/bundler-1.0.18/lib/bundler/runtime.rb:68:in `require'
	from /var/lib/gems/1.8/gems/bundler-1.0.18/lib/bundler/runtime.rb:68:in `require'
	from /var/lib/gems/1.8/gems/bundler-1.0.18/lib/bundler/runtime.rb:66:in `each'
	from /var/lib/gems/1.8/gems/bundler-1.0.18/lib/bundler/runtime.rb:66:in `require'
	from /var/lib/gems/1.8/gems/bundler-1.0.18/lib/bundler/runtime.rb:55:in `each'
	from /var/lib/gems/1.8/gems/bundler-1.0.18/lib/bundler/runtime.rb:55:in `require'
	from /var/lib/gems/1.8/gems/bundler-1.0.18/lib/bundler.rb:120:in `require'
	from /home/reno/rubysites/reno_cms/config/application.rb:8
	from /home/reno/rubysites/reno_cms/config/environment.rb:2:in `require'
	from /home/reno/rubysites/reno_cms/config/environment.rb:2
	from config.ru:3:in `require'
	from config.ru:3
	from /var/lib/gems/1.8/gems/rack-1.3.2/lib/rack/builder.rb:51:in `instance_eval'
	from /var/lib/gems/1.8/gems/rack-1.3.2/lib/rack/builder.rb:51:in `initialize'
	from config.ru:1:in `new'
	from config.ru:1
[ pid=1983 thr=-608411428 file=utils.rb:176 time=2011-09-23 12:34:27.318 ]: *** Exception LoadError in PhusionPassenger::Rack::ApplicationSpawner (no such file to load -- spec) (process 1983, thread #<Thread:0xb778c1b8>):
	from /var/lib/gems/1.8/gems/bundler-1.0.18/lib/bundler/runtime.rb:68:in `require'
	from /var/lib/gems/1.8/gems/bundler-1.0.18/lib/bundler/runtime.rb:68:in `require'
	from /var/lib/gems/1.8/gems/bundler-1.0.18/lib/bundler/runtime.rb:66:in `each'
	from /var/lib/gems/1.8/gems/bundler-1.0.18/lib/bundler/runtime.rb:66:in `require'
	from /var/lib/gems/1.8/gems/bundler-1.0.18/lib/bundler/runtime.rb:55:in `each'
	from /var/lib/gems/1.8/gems/bundler-1.0.18/lib/bundler/runtime.rb:55:in `require'
	from /var/lib/gems/1.8/gems/bundler-1.0.18/lib/bundler.rb:120:in `require'
	from /home/reno/rubysites/reno_cms/config/application.rb:8
	from /home/reno/rubysites/reno_cms/config/environment.rb:2:in `require'
	from /home/reno/rubysites/reno_cms/config/environment.rb:2
	from config.ru:3:in `require'
	from config.ru:3
	from /var/lib/gems/1.8/gems/rack-1.3.2/lib/rack/builder.rb:51:in `instance_eval'
	from /var/lib/gems/1.8/gems/rack-1.3.2/lib/rack/builder.rb:51:in `initialize'
	from config.ru:1:in `new'
	from config.ru:1
[ pid=1983 thr=-608411428 file=utils.rb:176 time=2011-09-23 12:36:10.930 ]: *** Exception LoadError in PhusionPassenger::Rack::ApplicationSpawner (no such file to load -- spec) (process 1983, thread #<Thread:0xb778c1b8>):
	from /var/lib/gems/1.8/gems/bundler-1.0.18/lib/bundler/runtime.rb:68:in `require'
	from /var/lib/gems/1.8/gems/bundler-1.0.18/lib/bundler/runtime.rb:68:in `require'
	from /var/lib/gems/1.8/gems/bundler-1.0.18/lib/bundler/runtime.rb:66:in `each'
	from /var/lib/gems/1.8/gems/bundler-1.0.18/lib/bundler/runtime.rb:66:in `require'
	from /var/lib/gems/1.8/gems/bundler-1.0.18/lib/bundler/runtime.rb:55:in `each'
	from /var/lib/gems/1.8/gems/bundler-1.0.18/lib/bundler/runtime.rb:55:in `require'
	from /var/lib/gems/1.8/gems/bundler-1.0.18/lib/bundler.rb:120:in `require'
	from /home/reno/rubysites/reno_cms/config/application.rb:8
	from /home/reno/rubysites/reno_cms/config/environment.rb:2:in `require'
	from /home/reno/rubysites/reno_cms/config/environment.rb:2
	from config.ru:3:in `require'
	from config.ru:3
	from /var/lib/gems/1.8/gems/rack-1.3.2/lib/rack/builder.rb:51:in `instance_eval'
	from /var/lib/gems/1.8/gems/rack-1.3.2/lib/rack/builder.rb:51:in `initialize'
	from config.ru:1:in `new'
	from config.ru:1
[ pid=1983 thr=-608411428 file=utils.rb:176 time=2011-09-23 12:36:20.400 ]: *** Exception LoadError in PhusionPassenger::Rack::ApplicationSpawner (no such file to load -- spec) (process 1983, thread #<Thread:0xb778c1b8>):
	from /var/lib/gems/1.8/gems/bundler-1.0.18/lib/bundler/runtime.rb:68:in `require'
	from /var/lib/gems/1.8/gems/bundler-1.0.18/lib/bundler/runtime.rb:68:in `require'
	from /var/lib/gems/1.8/gems/bundler-1.0.18/lib/bundler/runtime.rb:66:in `each'
	from /var/lib/gems/1.8/gems/bundler-1.0.18/lib/bundler/runtime.rb:66:in `require'
	from /var/lib/gems/1.8/gems/bundler-1.0.18/lib/bundler/runtime.rb:55:in `each'
	from /var/lib/gems/1.8/gems/bundler-1.0.18/lib/bundler/runtime.rb:55:in `require'
	from /var/lib/gems/1.8/gems/bundler-1.0.18/lib/bundler.rb:120:in `require'
	from /home/reno/rubysites/reno_cms/config/application.rb:8
	from /home/reno/rubysites/reno_cms/config/environment.rb:2:in `require'
	from /home/reno/rubysites/reno_cms/config/environment.rb:2
	from config.ru:3:in `require'
	from config.ru:3
	from /var/lib/gems/1.8/gems/rack-1.3.2/lib/rack/builder.rb:51:in `instance_eval'
	from /var/lib/gems/1.8/gems/rack-1.3.2/lib/rack/builder.rb:51:in `initialize'
	from config.ru:1:in `new'
	from config.ru:1
[ pid=2132 thr=-608231208 file=utils.rb:176 time=2011-09-23 16:15:14.516 ]: *** Exception NameError in PhusionPassenger::Rack::ApplicationSpawner (undefined local variable or method `config' for main:Object) (process 2132, thread #<Thread:0xb77e41b0>):
	from /home/reno/rubysites/reno_cms/config/environment.rb:6
	from config.ru:3:in `require'
	from config.ru:3
	from /var/lib/gems/1.8/gems/rack-1.3.2/lib/rack/builder.rb:51:in `instance_eval'
	from /var/lib/gems/1.8/gems/rack-1.3.2/lib/rack/builder.rb:51:in `initialize'
	from config.ru:1:in `new'
	from config.ru:1
[ pid=2132 thr=-608231208 file=utils.rb:176 time=2011-09-23 16:15:21.123 ]: *** Exception NameError in PhusionPassenger::Rack::ApplicationSpawner (undefined local variable or method `config' for main:Object) (process 2132, thread #<Thread:0xb77e41b0>):
	from /home/reno/rubysites/reno_cms/config/environment.rb:6
	from config.ru:3:in `require'
	from config.ru:3
	from /var/lib/gems/1.8/gems/rack-1.3.2/lib/rack/builder.rb:51:in `instance_eval'
	from /var/lib/gems/1.8/gems/rack-1.3.2/lib/rack/builder.rb:51:in `initialize'
	from config.ru:1:in `new'
	from config.ru:1
[ pid=2132 thr=-608231208 file=utils.rb:176 time=2011-09-23 16:16:41.630 ]: *** Exception NameError in PhusionPassenger::Rack::ApplicationSpawner (undefined local variable or method `config' for main:Object) (process 2132, thread #<Thread:0xb77e41b0>):
	from /home/reno/rubysites/reno_cms/config/environment.rb:6
	from config.ru:3:in `require'
	from config.ru:3
	from /var/lib/gems/1.8/gems/rack-1.3.2/lib/rack/builder.rb:51:in `instance_eval'
	from /var/lib/gems/1.8/gems/rack-1.3.2/lib/rack/builder.rb:51:in `initialize'
	from config.ru:1:in `new'
	from config.ru:1
[ pid=2093 thr=-608147238 file=utils.rb:176 time=2011-09-23 17:40:10.771 ]: *** Exception NameError in PhusionPassenger::Rack::ApplicationSpawner (undefined local variable or method `config' for main:Object) (process 2093, thread #<Thread:0xb780d1b4>):
	from /home/reno/rubysites/reno_cms/config/environment.rb:8
	from config.ru:3:in `require'
	from config.ru:3
	from /var/lib/gems/1.8/gems/rack-1.3.2/lib/rack/builder.rb:51:in `instance_eval'
	from /var/lib/gems/1.8/gems/rack-1.3.2/lib/rack/builder.rb:51:in `initialize'
	from config.ru:1:in `new'
	from config.ru:1
[ pid=2261 thr=3068717936 file=ext/nginx/HelperAgent.cpp:921 time=2011-09-24 20:32:08.562 ]: Couldn't forward the HTTP response back to the HTTP client: It seems the user clicked on the 'Stop' button in his browser.
[ pid=10389 thr=3069078384 file=ext/nginx/HelperAgent.cpp:921 time=2011-09-25 01:24:37.16 ]: Couldn't forward the HTTP response back to the HTTP client: It seems the user clicked on the 'Stop' button in his browser.
[ pid=11074 thr=-608403238 file=utils.rb:176 time=2011-09-25 01:25:52.726 ]: *** Exception SignalException in PhusionPassenger::Rack::ApplicationSpawner (SIGTERM) (process 11074, thread #<Thread:0xb77901b4>):
	from /home/reno/.passenger/standalone/3.0.9-x86-ruby1.8.7-linux-gcc4.5.2-1002/support/lib/phusion_passenger/abstract_server.rb:343:in `select'
	from /home/reno/.passenger/standalone/3.0.9-x86-ruby1.8.7-linux-gcc4.5.2-1002/support/lib/phusion_passenger/abstract_server.rb:343:in `server_main_loop'
	from /home/reno/.passenger/standalone/3.0.9-x86-ruby1.8.7-linux-gcc4.5.2-1002/support/lib/phusion_passenger/abstract_server.rb:206:in `start_synchronously'
	from /home/reno/.passenger/standalone/3.0.9-x86-ruby1.8.7-linux-gcc4.5.2-1002/support/lib/phusion_passenger/abstract_server.rb:180:in `start'
	from /home/reno/.passenger/standalone/3.0.9-x86-ruby1.8.7-linux-gcc4.5.2-1002/support/lib/phusion_passenger/rack/application_spawner.rb:128:in `start'
	from /home/reno/.passenger/standalone/3.0.9-x86-ruby1.8.7-linux-gcc4.5.2-1002/support/lib/phusion_passenger/spawn_manager.rb:253:in `spawn_rack_application'
	from /home/reno/.passenger/standalone/3.0.9-x86-ruby1.8.7-linux-gcc4.5.2-1002/support/lib/phusion_passenger/abstract_server_collection.rb:132:in `lookup_or_add'
	from /home/reno/.passenger/standalone/3.0.9-x86-ruby1.8.7-linux-gcc4.5.2-1002/support/lib/phusion_passenger/spawn_manager.rb:246:in `spawn_rack_application'
	from /home/reno/.passenger/standalone/3.0.9-x86-ruby1.8.7-linux-gcc4.5.2-1002/support/lib/phusion_passenger/abstract_server_collection.rb:82:in `synchronize'
	from /home/reno/.passenger/standalone/3.0.9-x86-ruby1.8.7-linux-gcc4.5.2-1002/support/lib/phusion_passenger/abstract_server_collection.rb:79:in `synchronize'
	from /home/reno/.passenger/standalone/3.0.9-x86-ruby1.8.7-linux-gcc4.5.2-1002/support/lib/phusion_passenger/spawn_manager.rb:244:in `spawn_rack_application'
	from /home/reno/.passenger/standalone/3.0.9-x86-ruby1.8.7-linux-gcc4.5.2-1002/support/lib/phusion_passenger/spawn_manager.rb:137:in `spawn_application'
	from /home/reno/.passenger/standalone/3.0.9-x86-ruby1.8.7-linux-gcc4.5.2-1002/support/lib/phusion_passenger/spawn_manager.rb:275:in `handle_spawn_application'
	from /home/reno/.passenger/standalone/3.0.9-x86-ruby1.8.7-linux-gcc4.5.2-1002/support/lib/phusion_passenger/abstract_server.rb:357:in `__send__'
	from /home/reno/.passenger/standalone/3.0.9-x86-ruby1.8.7-linux-gcc4.5.2-1002/support/lib/phusion_passenger/abstract_server.rb:357:in `server_main_loop'
	from /home/reno/.passenger/standalone/3.0.9-x86-ruby1.8.7-linux-gcc4.5.2-1002/support/lib/phusion_passenger/abstract_server.rb:206:in `start_synchronously'
	from /home/reno/.passenger/standalone/3.0.9-x86-ruby1.8.7-linux-gcc4.5.2-1002/support/helper-scripts/passenger-spawn-server:99
[ pid=2096 thr=3068054384 file=ext/nginx/HelperAgent.cpp:921 time=2011-09-25 01:31:54.425 ]: Couldn't forward the HTTP response back to the HTTP client: It seems the user clicked on the 'Stop' button in his browser.
[ pid=2096 thr=3068255088 file=ext/nginx/HelperAgent.cpp:921 time=2011-09-25 01:31:54.425 ]: Couldn't forward the HTTP response back to the HTTP client: It seems the user clicked on the 'Stop' button in his browser.
[ pid=2509 thr=-608212778 file=utils.rb:176 time=2011-09-25 01:39:51.445 ]: *** Exception SignalException in PhusionPassenger::Rack::ApplicationSpawner (SIGTERM) (process 2509, thread #<Thread:0xb77ed1ac>):
	from /home/reno/.passenger/standalone/3.0.9-x86-ruby1.8.7-linux-gcc4.5.2-1002/support/lib/phusion_passenger/abstract_server.rb:343:in `select'
	from /home/reno/.passenger/standalone/3.0.9-x86-ruby1.8.7-linux-gcc4.5.2-1002/support/lib/phusion_passenger/abstract_server.rb:343:in `server_main_loop'
	from /home/reno/.passenger/standalone/3.0.9-x86-ruby1.8.7-linux-gcc4.5.2-1002/support/lib/phusion_passenger/abstract_server.rb:206:in `start_synchronously'
	from /home/reno/.passenger/standalone/3.0.9-x86-ruby1.8.7-linux-gcc4.5.2-1002/support/lib/phusion_passenger/abstract_server.rb:180:in `start'
	from /home/reno/.passenger/standalone/3.0.9-x86-ruby1.8.7-linux-gcc4.5.2-1002/support/lib/phusion_passenger/rack/application_spawner.rb:128:in `start'
	from /home/reno/.passenger/standalone/3.0.9-x86-ruby1.8.7-linux-gcc4.5.2-1002/support/lib/phusion_passenger/spawn_manager.rb:253:in `spawn_rack_application'
	from /home/reno/.passenger/standalone/3.0.9-x86-ruby1.8.7-linux-gcc4.5.2-1002/support/lib/phusion_passenger/abstract_server_collection.rb:132:in `lookup_or_add'
	from /home/reno/.passenger/standalone/3.0.9-x86-ruby1.8.7-linux-gcc4.5.2-1002/support/lib/phusion_passenger/spawn_manager.rb:246:in `spawn_rack_application'
	from /home/reno/.passenger/standalone/3.0.9-x86-ruby1.8.7-linux-gcc4.5.2-1002/support/lib/phusion_passenger/abstract_server_collection.rb:82:in `synchronize'
	from /home/reno/.passenger/standalone/3.0.9-x86-ruby1.8.7-linux-gcc4.5.2-1002/support/lib/phusion_passenger/abstract_server_collection.rb:79:in `synchronize'
	from /home/reno/.passenger/standalone/3.0.9-x86-ruby1.8.7-linux-gcc4.5.2-1002/support/lib/phusion_passenger/spawn_manager.rb:244:in `spawn_rack_application'
	from /home/reno/.passenger/standalone/3.0.9-x86-ruby1.8.7-linux-gcc4.5.2-1002/support/lib/phusion_passenger/spawn_manager.rb:137:in `spawn_application'
	from /home/reno/.passenger/standalone/3.0.9-x86-ruby1.8.7-linux-gcc4.5.2-1002/support/lib/phusion_passenger/spawn_manager.rb:275:in `handle_spawn_application'
	from /home/reno/.passenger/standalone/3.0.9-x86-ruby1.8.7-linux-gcc4.5.2-1002/support/lib/phusion_passenger/abstract_server.rb:357:in `__send__'
	from /home/reno/.passenger/standalone/3.0.9-x86-ruby1.8.7-linux-gcc4.5.2-1002/support/lib/phusion_passenger/abstract_server.rb:357:in `server_main_loop'
	from /home/reno/.passenger/standalone/3.0.9-x86-ruby1.8.7-linux-gcc4.5.2-1002/support/lib/phusion_passenger/abstract_server.rb:206:in `start_synchronously'
	from /home/reno/.passenger/standalone/3.0.9-x86-ruby1.8.7-linux-gcc4.5.2-1002/support/helper-scripts/passenger-spawn-server:99
